<?xml version="1.0" encoding="UTF-8"?>
<robot generator="Robot 3.1.2 (Python 3.8.2 on win32)" generated="20200412 16:03:40.934" rpa="false">
<suite id="s1" name="Select" source="C:\Estudos\RobotFramework\Estudos_Robot\web\tests\select.robot">
<test id="s1-t1" name="Selecionar pelo texto e validar pelo valor">
<kw name="Nova sessão" library="base" type="setup">
<kw name="Open Browser" library="SeleniumLibrary">
<doc>Opens a new browser instance to the optional ``url``.</doc>
<arguments>
<arg>${url}</arg>
<arg>chrome</arg>
</arguments>
<msg timestamp="20200412 16:03:41.124" level="INFO">Opening browser 'chrome' to base url 'http://training-wheels-protocol.herokuapp.com/'.</msg>
<status status="PASS" starttime="20200412 16:03:41.124" endtime="20200412 16:03:48.263"></status>
</kw>
<status status="PASS" starttime="20200412 16:03:41.124" endtime="20200412 16:03:48.263"></status>
</kw>
<kw name="Go To" library="SeleniumLibrary">
<doc>Navigates the current browser window to the provided ``url``.</doc>
<arguments>
<arg>${url}/dropdown</arg>
</arguments>
<msg timestamp="20200412 16:03:48.267" level="INFO">Opening url 'http://training-wheels-protocol.herokuapp.com//dropdown'</msg>
<status status="PASS" starttime="20200412 16:03:48.267" endtime="20200412 16:03:48.556"></status>
</kw>
<kw name="Select From List By Label" library="SeleniumLibrary">
<doc>Selects options from selection list ``locator`` by ``labels``.</doc>
<arguments>
<arg>class:avenger-list</arg>
<arg>Scott Lang</arg>
</arguments>
<msg timestamp="20200412 16:03:48.556" level="INFO">Selecting options from selection list 'class:avenger-list' by label Scott Lang.</msg>
<status status="PASS" starttime="20200412 16:03:48.556" endtime="20200412 16:03:48.633"></status>
</kw>
<kw name="Get Selected List Value" library="SeleniumLibrary">
<doc>Returns the value of selected option from selection list ``locator``.</doc>
<arguments>
<arg>class:avenger-list</arg>
</arguments>
<assign>
<var>${selected}</var>
</assign>
<msg timestamp="20200412 16:03:48.733" level="INFO">${selected} = 7</msg>
<status status="PASS" starttime="20200412 16:03:48.633" endtime="20200412 16:03:48.733"></status>
</kw>
<kw name="Should Be Equal" library="BuiltIn">
<doc>Fails if the given objects are unequal.</doc>
<arguments>
<arg>${selected}</arg>
<arg>7</arg>
</arguments>
<status status="PASS" starttime="20200412 16:03:48.733" endtime="20200412 16:03:48.733"></status>
</kw>
<kw name="Encerra sessão" library="base" type="teardown">
<kw name="Capture Page Screenshot" library="SeleniumLibrary">
<doc>Takes a screenshot of the current page and embeds it into a log file.</doc>
<msg timestamp="20200412 16:03:49.027" level="INFO" html="yes">&lt;/td&gt;&lt;/tr&gt;&lt;tr&gt;&lt;td colspan="3"&gt;&lt;a href="selenium-screenshot-7.png"&gt;&lt;img src="selenium-screenshot-7.png" width="800px"&gt;&lt;/a&gt;</msg>
<status status="PASS" starttime="20200412 16:03:48.733" endtime="20200412 16:03:49.027"></status>
</kw>
<kw name="Close Browser" library="SeleniumLibrary">
<doc>Closes the current browser.</doc>
<status status="PASS" starttime="20200412 16:03:49.027" endtime="20200412 16:03:51.107"></status>
</kw>
<status status="PASS" starttime="20200412 16:03:48.733" endtime="20200412 16:03:51.107"></status>
</kw>
<status status="PASS" starttime="20200412 16:03:41.124" endtime="20200412 16:03:51.107" critical="yes"></status>
</test>
<test id="s1-t2" name="Selecionar pelo valor e validar pelo texto">
<kw name="Nova sessão" library="base" type="setup">
<kw name="Open Browser" library="SeleniumLibrary">
<doc>Opens a new browser instance to the optional ``url``.</doc>
<arguments>
<arg>${url}</arg>
<arg>chrome</arg>
</arguments>
<msg timestamp="20200412 16:03:51.107" level="INFO">Opening browser 'chrome' to base url 'http://training-wheels-protocol.herokuapp.com/'.</msg>
<status status="PASS" starttime="20200412 16:03:51.107" endtime="20200412 16:03:58.554"></status>
</kw>
<status status="PASS" starttime="20200412 16:03:51.107" endtime="20200412 16:03:58.554"></status>
</kw>
<kw name="Go To" library="SeleniumLibrary">
<doc>Navigates the current browser window to the provided ``url``.</doc>
<arguments>
<arg>${url}/dropdown</arg>
</arguments>
<msg timestamp="20200412 16:03:58.554" level="INFO">Opening url 'http://training-wheels-protocol.herokuapp.com//dropdown'</msg>
<status status="PASS" starttime="20200412 16:03:58.554" endtime="20200412 16:03:58.801"></status>
</kw>
<kw name="Select From List By Value" library="SeleniumLibrary">
<doc>Selects options from selection list ``locator`` by ``values``.</doc>
<arguments>
<arg>id:dropdown</arg>
<arg>6</arg>
</arguments>
<msg timestamp="20200412 16:03:58.805" level="INFO">Selecting options from selection list 'id:dropdown' by value 6.</msg>
<status status="PASS" starttime="20200412 16:03:58.805" endtime="20200412 16:03:58.877"></status>
</kw>
<kw name="Get Selected List Label" library="SeleniumLibrary">
<doc>Returns the label of selected option from selection list ``locator``.</doc>
<arguments>
<arg>id:dropdown</arg>
</arguments>
<assign>
<var>${selected}</var>
</assign>
<msg timestamp="20200412 16:03:58.968" level="INFO">${selected} = Loki</msg>
<status status="PASS" starttime="20200412 16:03:58.877" endtime="20200412 16:03:58.968"></status>
</kw>
<kw name="Should Be Equal" library="BuiltIn">
<doc>Fails if the given objects are unequal.</doc>
<arguments>
<arg>${selected}</arg>
<arg>Loki</arg>
</arguments>
<status status="PASS" starttime="20200412 16:03:58.968" endtime="20200412 16:03:58.968"></status>
</kw>
<kw name="Encerra sessão" library="base" type="teardown">
<kw name="Capture Page Screenshot" library="SeleniumLibrary">
<doc>Takes a screenshot of the current page and embeds it into a log file.</doc>
<msg timestamp="20200412 16:03:59.250" level="INFO" html="yes">&lt;/td&gt;&lt;/tr&gt;&lt;tr&gt;&lt;td colspan="3"&gt;&lt;a href="selenium-screenshot-8.png"&gt;&lt;img src="selenium-screenshot-8.png" width="800px"&gt;&lt;/a&gt;</msg>
<status status="PASS" starttime="20200412 16:03:58.968" endtime="20200412 16:03:59.250"></status>
</kw>
<kw name="Close Browser" library="SeleniumLibrary">
<doc>Closes the current browser.</doc>
<status status="PASS" starttime="20200412 16:03:59.250" endtime="20200412 16:04:02.016"></status>
</kw>
<status status="PASS" starttime="20200412 16:03:58.968" endtime="20200412 16:04:02.016"></status>
</kw>
<status status="PASS" starttime="20200412 16:03:51.107" endtime="20200412 16:04:02.016" critical="yes"></status>
</test>
<status status="PASS" starttime="20200412 16:03:40.944" endtime="20200412 16:04:02.016"></status>
</suite>
<statistics>
<total>
<stat pass="2" fail="0">Critical Tests</stat>
<stat pass="2" fail="0">All Tests</stat>
</total>
<tag>
</tag>
<suite>
<stat pass="2" fail="0" id="s1" name="Select">Select</stat>
</suite>
</statistics>
<errors>
</errors>
</robot>
