<?xml version="1.0" encoding="UTF-8"?>
<robot generator="Robot 3.1.2 (Python 3.8.2 on win32)" generated="20200421 14:54:16.823" rpa="false">
<suite id="s1" name="Login Form" source="C:\Estudos\RobotFramework\Estudos_Robot\Robot_Basico\web\tests\login_form.robot">
<test id="s1-t1" name="Login com sucesso">
<kw name="Nova sessão" library="base" type="setup">
<kw name="Open Browser" library="SeleniumLibrary">
<doc>Opens a new browser instance to the optional ``url``.</doc>
<arguments>
<arg>${url}</arg>
<arg>chrome</arg>
</arguments>
<msg timestamp="20200421 14:54:17.167" level="INFO">Opening browser 'chrome' to base url 'http://training-wheels-protocol.herokuapp.com/'.</msg>
<status status="PASS" starttime="20200421 14:54:17.166" endtime="20200421 14:54:23.266"></status>
</kw>
<status status="PASS" starttime="20200421 14:54:17.166" endtime="20200421 14:54:23.266"></status>
</kw>
<kw name="Go To" library="SeleniumLibrary">
<doc>Navigates the current browser window to the provided ``url``.</doc>
<arguments>
<arg>${url}/login</arg>
</arguments>
<msg timestamp="20200421 14:54:23.267" level="INFO">Opening url 'http://training-wheels-protocol.herokuapp.com//login'</msg>
<status status="PASS" starttime="20200421 14:54:23.267" endtime="20200421 14:54:23.867"></status>
</kw>
<kw name="Login With">
<arguments>
<arg>stark</arg>
<arg>jarvis!</arg>
</arguments>
<kw name="Input Text" library="SeleniumLibrary">
<doc>Types the given ``text`` into the text field identified by ``locator``.</doc>
<arguments>
<arg>css:input[name=username]</arg>
<arg>${uname}</arg>
</arguments>
<msg timestamp="20200421 14:54:23.869" level="INFO">Typing text 'stark' into text field 'css:input[name=username]'.</msg>
<status status="PASS" starttime="20200421 14:54:23.868" endtime="20200421 14:54:24.013"></status>
</kw>
<kw name="Input Text" library="SeleniumLibrary">
<doc>Types the given ``text`` into the text field identified by ``locator``.</doc>
<arguments>
<arg>css:input[name=password]</arg>
<arg>${pass}</arg>
</arguments>
<msg timestamp="20200421 14:54:24.014" level="INFO">Typing text 'jarvis!' into text field 'css:input[name=password]'.</msg>
<status status="PASS" starttime="20200421 14:54:24.014" endtime="20200421 14:54:24.160"></status>
</kw>
<kw name="Click Element" library="SeleniumLibrary">
<doc>Click the element identified by ``locator``.</doc>
<arguments>
<arg>class:btn-login</arg>
</arguments>
<msg timestamp="20200421 14:54:24.160" level="INFO">Clicking element 'class:btn-login'.</msg>
<status status="PASS" starttime="20200421 14:54:24.160" endtime="20200421 14:54:25.035"></status>
</kw>
<status status="PASS" starttime="20200421 14:54:23.868" endtime="20200421 14:54:25.036"></status>
</kw>
<kw name="Sleep" library="BuiltIn">
<doc>Pauses the test executed for the given time.</doc>
<arguments>
<arg>5</arg>
</arguments>
<msg timestamp="20200421 14:54:30.039" level="INFO">Slept 5 seconds</msg>
<status status="PASS" starttime="20200421 14:54:25.038" endtime="20200421 14:54:30.039"></status>
</kw>
<kw name="Should See Logged username">
<arguments>
<arg>Tony Stark</arg>
</arguments>
<kw name="Page Should Contain" library="SeleniumLibrary">
<doc>Verifies that current page contains ``text``.</doc>
<arguments>
<arg>Olá, ${full_name}. Você acessou a área logada!</arg>
</arguments>
<msg timestamp="20200421 14:54:30.062" level="INFO">Current page contains text 'Olá, Tony Stark. Você acessou a área logada!'.</msg>
<status status="PASS" starttime="20200421 14:54:30.040" endtime="20200421 14:54:30.062"></status>
</kw>
<status status="PASS" starttime="20200421 14:54:30.040" endtime="20200421 14:54:30.062"></status>
</kw>
<kw name="Encerra sessão" library="base" type="teardown">
<kw name="Capture Page Screenshot" library="SeleniumLibrary">
<doc>Takes a screenshot of the current page and embeds it into a log file.</doc>
<msg timestamp="20200421 14:54:30.413" level="INFO" html="yes">&lt;/td&gt;&lt;/tr&gt;&lt;tr&gt;&lt;td colspan="3"&gt;&lt;a href="selenium-screenshot-11.png"&gt;&lt;img src="selenium-screenshot-11.png" width="800px"&gt;&lt;/a&gt;</msg>
<status status="PASS" starttime="20200421 14:54:30.063" endtime="20200421 14:54:30.413"></status>
</kw>
<kw name="Close Browser" library="SeleniumLibrary">
<doc>Closes the current browser.</doc>
<status status="PASS" starttime="20200421 14:54:30.413" endtime="20200421 14:54:32.773"></status>
</kw>
<status status="PASS" starttime="20200421 14:54:30.063" endtime="20200421 14:54:32.773"></status>
</kw>
<tags>
<tag>login_correto</tag>
</tags>
<status status="PASS" starttime="20200421 14:54:17.165" endtime="20200421 14:54:32.774" critical="yes"></status>
</test>
<status status="PASS" starttime="20200421 14:54:16.825" endtime="20200421 14:54:32.777"></status>
</suite>
<statistics>
<total>
<stat pass="1" fail="0">Critical Tests</stat>
<stat pass="1" fail="0">All Tests</stat>
</total>
<tag>
<stat pass="1" fail="0">login_correto</stat>
</tag>
<suite>
<stat pass="1" fail="0" id="s1" name="Login Form">Login Form</stat>
</suite>
</statistics>
<errors>
</errors>
</robot>
