<?xml version="1.0" encoding="UTF-8"?>
<robot generator="Robot 3.1.2 (Python 3.8.2 on win32)" generated="20200517 17:59:51.490" rpa="false">
<suite id="s1" name="Database" source="C:\Estudos\RobotFramework\Estudos_Robot\Robot_Avançado\database.robot">
<test id="s1-t1" name="Exemplo 04: Limpando Tabelas">
<kw name="Conectar no Banco de Dados" type="setup">
<kw name="Connect To Database" library="DatabaseLibrary">
<doc>Loads the DB API 2.0 module given `dbapiModuleName` then uses it to
connect to the database using `dbName`, `dbUsername`, and `dbPassword`.</doc>
<arguments>
<arg>dbapiModuleName=psycopg2</arg>
<arg>dbName=robot</arg>
<arg>dbUsername=postgres</arg>
<arg>dbPassword=postgres</arg>
<arg>dbHost=localhost</arg>
<arg>dbPort=5432</arg>
</arguments>
<msg timestamp="20200517 17:59:51.554" level="INFO">Connecting using : psycopg2.connect(database=robot, user=postgres, password=postgres, host=localhost, port=5432) </msg>
<status status="PASS" starttime="20200517 17:59:51.530" endtime="20200517 17:59:51.606"></status>
</kw>
<status status="PASS" starttime="20200517 17:59:51.530" endtime="20200517 17:59:51.606"></status>
</kw>
<kw name="Limpar Tabela">
<arguments>
<arg>account</arg>
</arguments>
<kw name="Row Count" library="DatabaseLibrary">
<doc>Uses the input `selectStatement` to query the database and returns the number of rows from the query. Set
optional input `sansTran` to True to run command without an explicit transaction commit or rollback.</doc>
<arguments>
<arg>selectStatement=SELECT * FROM ${TABELA}</arg>
</arguments>
<assign>
<var>${REGISTROS}</var>
</assign>
<msg timestamp="20200517 17:59:51.606" level="INFO">Executing : Row Count  |  SELECT * FROM account </msg>
<msg timestamp="20200517 17:59:51.610" level="INFO">${REGISTROS} = 0</msg>
<status status="PASS" starttime="20200517 17:59:51.606" endtime="20200517 17:59:51.610"></status>
</kw>
<kw name="Run Keyword If" library="BuiltIn">
<doc>Runs the given keyword with the given arguments, if ``condition`` is true.</doc>
<arguments>
<arg>${REGISTROS} &gt; 0</arg>
<arg>Delete All Rows From Table</arg>
<arg>${TABELA}</arg>
</arguments>
<status status="PASS" starttime="20200517 17:59:51.610" endtime="20200517 17:59:51.610"></status>
</kw>
<status status="PASS" starttime="20200517 17:59:51.606" endtime="20200517 17:59:51.610"></status>
</kw>
<kw name="Executar script via STRING no Banco de Dados">
<arguments>
<arg>DROP table account</arg>
</arguments>
<kw name="Execute Sql String" library="DatabaseLibrary">
<doc>Executes the sqlString as SQL commands. Useful to pass arguments to your sql. Set optional input `sansTran` to
True to run command without an explicit transaction commit or rollback.</doc>
<arguments>
<arg>sqlString=${SCRIPT}</arg>
</arguments>
<msg timestamp="20200517 17:59:51.610" level="INFO">Executing : Execute SQL String  |  DROP table account </msg>
<status status="PASS" starttime="20200517 17:59:51.610" endtime="20200517 17:59:51.630"></status>
</kw>
<status status="PASS" starttime="20200517 17:59:51.610" endtime="20200517 17:59:51.630"></status>
</kw>
<kw name="Desconectar do Banco de Dados" type="teardown">
<kw name="Disconnect From Database" library="DatabaseLibrary">
<doc>Disconnects from the database.</doc>
<msg timestamp="20200517 17:59:51.634" level="INFO">Executing : Disconnect From Database</msg>
<status status="PASS" starttime="20200517 17:59:51.634" endtime="20200517 17:59:51.634"></status>
</kw>
<status status="PASS" starttime="20200517 17:59:51.634" endtime="20200517 17:59:51.634"></status>
</kw>
<status status="PASS" starttime="20200517 17:59:51.530" endtime="20200517 17:59:51.634" critical="yes"></status>
</test>
<doc>[14/10/2019] https://franz-see.github.io/Robotframework-Database-Library/api/1.2.2/DatabaseLibrary.html
Instale: "pip install -U robotframework-databaselibrary"
Para acessar o BD o Robot precisa conhecer o DRIVER de cada banco, então precisamos instalar esse DRIVER também (instale apenas para o BD que você utiliza!) ...
Para PostgreSQL: "pip install psycopg2"
Para SQLite 3: não precisa instalar nada!
Para MySQL: "pip install pymysql"
Para SQL Server: "pip install pymssql"
Para Oracle: "pip install cx-Oracle"</doc>
<status status="PASS" starttime="20200517 17:59:51.494" endtime="20200517 17:59:51.634"></status>
</suite>
<statistics>
<total>
<stat pass="1" fail="0">Critical Tests</stat>
<stat pass="1" fail="0">All Tests</stat>
</total>
<tag>
</tag>
<suite>
<stat pass="1" fail="0" id="s1" name="Database">Database</stat>
</suite>
</statistics>
<errors>
</errors>
</robot>
