<?xml version="1.0" encoding="UTF-8"?>
<robot generator="Robot 3.1.2 (Python 3.8.2 on win32)" generated="20200518 19:30:37.253" rpa="false">
<suite id="s1" name="Difflibrary" source="C:\Estudos\RobotFramework\Estudos_Robot\Robot_Avançado\difflibrary.robot">
<test id="s1-t1" name="Lendo arquivos e comparando os arquivos">
<kw name="Lendo o conteúdo">
<kw name="Get File" library="OperatingSystem">
<doc>Returns the contents of a specified file.</doc>
<arguments>
<arg>./my_files/file_first.txt</arg>
</arguments>
<assign>
<var>${primeiro_arq}</var>
</assign>
<msg timestamp="20200518 19:30:37.315" level="INFO" html="yes">Getting file '&lt;a href="file://C:\Estudos\RobotFramework\Estudos_Robot\Robot_Avançado\my_files\file_first.txt"&gt;C:\Estudos\RobotFramework\Estudos_Robot\Robot_Avançado\my_files\file_first.txt&lt;/a&gt;'.</msg>
<msg timestamp="20200518 19:30:37.315" level="INFO">${primeiro_arq} = Abc</msg>
<status status="PASS" starttime="20200518 19:30:37.315" endtime="20200518 19:30:37.315"></status>
</kw>
<kw name="Get File" library="OperatingSystem">
<doc>Returns the contents of a specified file.</doc>
<arguments>
<arg>./my_files/file_second.txt</arg>
</arguments>
<assign>
<var>${segundo_arq}</var>
</assign>
<msg timestamp="20200518 19:30:37.316" level="INFO" html="yes">Getting file '&lt;a href="file://C:\Estudos\RobotFramework\Estudos_Robot\Robot_Avançado\my_files\file_second.txt"&gt;C:\Estudos\RobotFramework\Estudos_Robot\Robot_Avançado\my_files\file_second.txt&lt;/a&gt;'.</msg>
<msg timestamp="20200518 19:30:37.316" level="INFO">${segundo_arq} = Abc</msg>
<status status="PASS" starttime="20200518 19:30:37.316" endtime="20200518 19:30:37.316"></status>
</kw>
<kw name="Log" library="BuiltIn">
<doc>Logs the given message with the given level.</doc>
<arguments>
<arg>${primeiro_arq}</arg>
</arguments>
<msg timestamp="20200518 19:30:37.317" level="INFO">Abc</msg>
<status status="PASS" starttime="20200518 19:30:37.317" endtime="20200518 19:30:37.317"></status>
</kw>
<kw name="Log" library="BuiltIn">
<doc>Logs the given message with the given level.</doc>
<arguments>
<arg>${segundo_arq}</arg>
</arguments>
<msg timestamp="20200518 19:30:37.318" level="INFO">Abc</msg>
<status status="PASS" starttime="20200518 19:30:37.318" endtime="20200518 19:30:37.318"></status>
</kw>
<status status="PASS" starttime="20200518 19:30:37.314" endtime="20200518 19:30:37.318"></status>
</kw>
<kw name="Compara arquivos">
<kw name="Diff Files" library="DiffLibrary">
<doc>Diff two text files</doc>
<arguments>
<arg>${primeiro_arq}</arg>
<arg>${segundo_arq}</arg>
<arg>faild:True</arg>
</arguments>
<msg timestamp="20200518 19:30:37.321" level="FAIL">Variable '${primeiro_arq}' not found.</msg>
<status status="FAIL" starttime="20200518 19:30:37.320" endtime="20200518 19:30:37.321"></status>
</kw>
<status status="FAIL" starttime="20200518 19:30:37.319" endtime="20200518 19:30:37.322"></status>
</kw>
<status status="FAIL" starttime="20200518 19:30:37.313" endtime="20200518 19:30:37.338" critical="yes">Variable '${primeiro_arq}' not found.</status>
</test>
<doc>ttps://bulkan.github.io/robotframework-difflibrary/</doc>
<status status="FAIL" starttime="20200518 19:30:37.255" endtime="20200518 19:30:37.341"></status>
</suite>
<statistics>
<total>
<stat pass="0" fail="1">Critical Tests</stat>
<stat pass="0" fail="1">All Tests</stat>
</total>
<tag>
</tag>
<suite>
<stat pass="0" fail="1" id="s1" name="Difflibrary">Difflibrary</stat>
</suite>
</statistics>
<errors>
</errors>
</robot>
