<?xml version="1.0" encoding="UTF-8"?>
<robot generator="Robot 3.1.2 (Python 3.8.2 on win32)" generated="20200422 21:30:48.170" rpa="false">
<suite id="s1" name="Teardowns" source="C:\Estudos\RobotFramework\Estudos_Robot\Robot_Avançado\teardowns.robot">
<test id="s1-t1" name="Exemplo 01: Teste lidando com Suite e Test Teardowns">
<kw name="Essa keyword fará o teste passar, não executando as keywords abaixo!">
<kw name="Pass Execution" library="BuiltIn">
<doc>Skips rest of the current test, setup, or teardown with PASS status.</doc>
<arguments>
<arg>message=Estou forçando meu teste a passar com sucesso!</arg>
</arguments>
<msg timestamp="20200422 21:30:48.206" level="INFO">Execution passed with message:
Estou forçando meu teste a passar com sucesso!</msg>
<status status="PASS" starttime="20200422 21:30:48.206" endtime="20200422 21:30:48.206"></status>
</kw>
<status status="PASS" starttime="20200422 21:30:48.206" endtime="20200422 21:30:48.206"></status>
</kw>
<kw name="Controlando o teardown do teste" type="teardown">
<kw name="Run Keyword If Test Passed" library="BuiltIn">
<doc>Runs the given keyword with the given arguments, if the test passed.</doc>
<arguments>
<arg>Log</arg>
<arg>Meu teste passou, não preciso apagar dados do banco de dados, por exemplo!</arg>
</arguments>
<kw name="Log" library="BuiltIn">
<doc>Logs the given message with the given level.</doc>
<arguments>
<arg>Meu teste passou, não preciso apagar dados do banco de dados, por exemplo!</arg>
</arguments>
<msg timestamp="20200422 21:30:48.210" level="INFO">Meu teste passou, não preciso apagar dados do banco de dados, por exemplo!</msg>
<status status="PASS" starttime="20200422 21:30:48.210" endtime="20200422 21:30:48.210"></status>
</kw>
<status status="PASS" starttime="20200422 21:30:48.210" endtime="20200422 21:30:48.210"></status>
</kw>
<kw name="Run Keyword If Test Failed" library="BuiltIn">
<doc>Runs the given keyword with the given arguments, if the test failed.</doc>
<arguments>
<arg>Log</arg>
<arg>Meu teste falhou, posso imprimir ou manter uma informação no banco de dados para analisar o erro, por exemplo!</arg>
</arguments>
<status status="PASS" starttime="20200422 21:30:48.210" endtime="20200422 21:30:48.210"></status>
</kw>
<status status="PASS" starttime="20200422 21:30:48.210" endtime="20200422 21:30:48.210"></status>
</kw>
<status status="PASS" starttime="20200422 21:30:48.206" endtime="20200422 21:30:48.210" critical="yes">Estou forçando meu teste a passar com sucesso!</status>
</test>
<test id="s1-t2" name="Exemplo 02: Teste lidando com Suite e Test Teardowns">
<kw name="Esse keyword vai passar sozinha!">
<kw name="Should Be True" library="BuiltIn">
<doc>Fails if the given condition is not true.</doc>
<arguments>
<arg>"Sanches" == "Sanches"</arg>
</arguments>
<status status="PASS" starttime="20200422 21:30:48.210" endtime="20200422 21:30:48.214"></status>
</kw>
<status status="PASS" starttime="20200422 21:30:48.210" endtime="20200422 21:30:48.214"></status>
</kw>
<kw name="Esse keyword vai passar sozinha!">
<kw name="Should Be True" library="BuiltIn">
<doc>Fails if the given condition is not true.</doc>
<arguments>
<arg>"Sanches" == "Sanches"</arg>
</arguments>
<status status="PASS" starttime="20200422 21:30:48.214" endtime="20200422 21:30:48.214"></status>
</kw>
<status status="PASS" starttime="20200422 21:30:48.214" endtime="20200422 21:30:48.214"></status>
</kw>
<kw name="Esse aqui também vai passar com uma condição e vai parar de executar as keywords abaixo!">
<kw name="Run Keyword And Return Status" library="BuiltIn">
<doc>Runs the given keyword with given arguments and returns the status as a Boolean value.</doc>
<arguments>
<arg>Should Be True</arg>
<arg>"Sanches" == "Sanches"</arg>
</arguments>
<assign>
<var>${STATUS}</var>
</assign>
<kw name="Should Be True" library="BuiltIn">
<doc>Fails if the given condition is not true.</doc>
<arguments>
<arg>"Sanches" == "Sanches"</arg>
</arguments>
<status status="PASS" starttime="20200422 21:30:48.214" endtime="20200422 21:30:48.214"></status>
</kw>
<msg timestamp="20200422 21:30:48.214" level="INFO">${STATUS} = True</msg>
<status status="PASS" starttime="20200422 21:30:48.214" endtime="20200422 21:30:48.214"></status>
</kw>
<kw name="Log" library="BuiltIn">
<doc>Logs the given message with the given level.</doc>
<arguments>
<arg>${STATUS}</arg>
</arguments>
<msg timestamp="20200422 21:30:48.214" level="INFO">True</msg>
<status status="PASS" starttime="20200422 21:30:48.214" endtime="20200422 21:30:48.214"></status>
</kw>
<kw name="Pass Execution If" library="BuiltIn">
<doc>Conditionally skips rest of the current test, setup, or teardown with PASS status.</doc>
<arguments>
<arg>${STATUS}</arg>
<arg>message=Sanches é igual a Sanches, então passou!!</arg>
</arguments>
<msg timestamp="20200422 21:30:48.214" level="INFO">Execution passed with message:
message=Sanches é igual a Sanches, então passou!!</msg>
<status status="PASS" starttime="20200422 21:30:48.214" endtime="20200422 21:30:48.214"></status>
</kw>
<status status="PASS" starttime="20200422 21:30:48.214" endtime="20200422 21:30:48.214"></status>
</kw>
<kw name="Controlando o teardown do teste" type="teardown">
<kw name="Run Keyword If Test Passed" library="BuiltIn">
<doc>Runs the given keyword with the given arguments, if the test passed.</doc>
<arguments>
<arg>Log</arg>
<arg>Meu teste passou, não preciso apagar dados do banco de dados, por exemplo!</arg>
</arguments>
<kw name="Log" library="BuiltIn">
<doc>Logs the given message with the given level.</doc>
<arguments>
<arg>Meu teste passou, não preciso apagar dados do banco de dados, por exemplo!</arg>
</arguments>
<msg timestamp="20200422 21:30:48.214" level="INFO">Meu teste passou, não preciso apagar dados do banco de dados, por exemplo!</msg>
<status status="PASS" starttime="20200422 21:30:48.214" endtime="20200422 21:30:48.218"></status>
</kw>
<status status="PASS" starttime="20200422 21:30:48.214" endtime="20200422 21:30:48.218"></status>
</kw>
<kw name="Run Keyword If Test Failed" library="BuiltIn">
<doc>Runs the given keyword with the given arguments, if the test failed.</doc>
<arguments>
<arg>Log</arg>
<arg>Meu teste falhou, posso imprimir ou manter uma informação no banco de dados para analisar o erro, por exemplo!</arg>
</arguments>
<status status="PASS" starttime="20200422 21:30:48.218" endtime="20200422 21:30:48.218"></status>
</kw>
<status status="PASS" starttime="20200422 21:30:48.214" endtime="20200422 21:30:48.218"></status>
</kw>
<status status="PASS" starttime="20200422 21:30:48.210" endtime="20200422 21:30:48.218" critical="yes">message=Sanches é igual a Sanches, então passou!!</status>
</test>
<test id="s1-t3" name="Exemplo 03: Teste lidando com Suite e Test Teardowns">
<kw name="Esse keyword vai passar sozinha!">
<kw name="Should Be True" library="BuiltIn">
<doc>Fails if the given condition is not true.</doc>
<arguments>
<arg>"Sanches" == "Sanches"</arg>
</arguments>
<status status="PASS" starttime="20200422 21:30:48.222" endtime="20200422 21:30:48.222"></status>
</kw>
<status status="PASS" starttime="20200422 21:30:48.218" endtime="20200422 21:30:48.222"></status>
</kw>
<kw name="Essa keyword fará o teste falhar, não executando as keywords abaixo!">
<kw name="Fail" library="BuiltIn">
<doc>Fails the test with the given message and optionally alters its tags.</doc>
<arguments>
<arg>msg=Estou forçando meu teste a falhar!</arg>
</arguments>
<msg timestamp="20200422 21:30:48.222" level="FAIL">Estou forçando meu teste a falhar!</msg>
<status status="FAIL" starttime="20200422 21:30:48.222" endtime="20200422 21:30:48.222"></status>
</kw>
<status status="FAIL" starttime="20200422 21:30:48.222" endtime="20200422 21:30:48.222"></status>
</kw>
<kw name="Controlando o teardown do teste" type="teardown">
<kw name="Run Keyword If Test Passed" library="BuiltIn">
<doc>Runs the given keyword with the given arguments, if the test passed.</doc>
<arguments>
<arg>Log</arg>
<arg>Meu teste passou, não preciso apagar dados do banco de dados, por exemplo!</arg>
</arguments>
<status status="PASS" starttime="20200422 21:30:48.222" endtime="20200422 21:30:48.222"></status>
</kw>
<kw name="Run Keyword If Test Failed" library="BuiltIn">
<doc>Runs the given keyword with the given arguments, if the test failed.</doc>
<arguments>
<arg>Log</arg>
<arg>Meu teste falhou, posso imprimir ou manter uma informação no banco de dados para analisar o erro, por exemplo!</arg>
</arguments>
<kw name="Log" library="BuiltIn">
<doc>Logs the given message with the given level.</doc>
<arguments>
<arg>Meu teste falhou, posso imprimir ou manter uma informação no banco de dados para analisar o erro, por exemplo!</arg>
</arguments>
<msg timestamp="20200422 21:30:48.222" level="INFO">Meu teste falhou, posso imprimir ou manter uma informação no banco de dados para analisar o erro, por exemplo!</msg>
<status status="PASS" starttime="20200422 21:30:48.222" endtime="20200422 21:30:48.222"></status>
</kw>
<status status="PASS" starttime="20200422 21:30:48.222" endtime="20200422 21:30:48.222"></status>
</kw>
<status status="PASS" starttime="20200422 21:30:48.222" endtime="20200422 21:30:48.222"></status>
</kw>
<status status="FAIL" starttime="20200422 21:30:48.218" endtime="20200422 21:30:48.222" critical="yes">Estou forçando meu teste a falhar!</status>
</test>
<test id="s1-t4" name="Exemplo 04: Teste lidando com Suite e Test Teardowns">
<kw name="Esse keyword vai falhar sozinha!">
<kw name="Should Be True" library="BuiltIn">
<doc>Fails if the given condition is not true.</doc>
<arguments>
<arg>"Sanches" == "João"</arg>
</arguments>
<msg timestamp="20200422 21:30:48.226" level="FAIL">'"Sanches" == "João"' should be true.</msg>
<status status="FAIL" starttime="20200422 21:30:48.226" endtime="20200422 21:30:48.226"></status>
</kw>
<status status="FAIL" starttime="20200422 21:30:48.226" endtime="20200422 21:30:48.226"></status>
</kw>
<kw name="Controlando o teardown do teste" type="teardown">
<kw name="Run Keyword If Test Passed" library="BuiltIn">
<doc>Runs the given keyword with the given arguments, if the test passed.</doc>
<arguments>
<arg>Log</arg>
<arg>Meu teste passou, não preciso apagar dados do banco de dados, por exemplo!</arg>
</arguments>
<status status="PASS" starttime="20200422 21:30:48.226" endtime="20200422 21:30:48.226"></status>
</kw>
<kw name="Run Keyword If Test Failed" library="BuiltIn">
<doc>Runs the given keyword with the given arguments, if the test failed.</doc>
<arguments>
<arg>Log</arg>
<arg>Meu teste falhou, posso imprimir ou manter uma informação no banco de dados para analisar o erro, por exemplo!</arg>
</arguments>
<kw name="Log" library="BuiltIn">
<doc>Logs the given message with the given level.</doc>
<arguments>
<arg>Meu teste falhou, posso imprimir ou manter uma informação no banco de dados para analisar o erro, por exemplo!</arg>
</arguments>
<msg timestamp="20200422 21:30:48.226" level="INFO">Meu teste falhou, posso imprimir ou manter uma informação no banco de dados para analisar o erro, por exemplo!</msg>
<status status="PASS" starttime="20200422 21:30:48.226" endtime="20200422 21:30:48.226"></status>
</kw>
<status status="PASS" starttime="20200422 21:30:48.226" endtime="20200422 21:30:48.226"></status>
</kw>
<status status="PASS" starttime="20200422 21:30:48.226" endtime="20200422 21:30:48.226"></status>
</kw>
<status status="FAIL" starttime="20200422 21:30:48.226" endtime="20200422 21:30:48.242" critical="yes">'"Sanches" == "João"' should be true.</status>
</test>
<kw name="Controlando o teardown da suite" type="teardown">
<kw name="Run Keyword If All Tests Passed" library="BuiltIn">
<doc>Runs the given keyword with the given arguments, if all tests passed.</doc>
<arguments>
<arg>Log</arg>
<arg>Todos os testes passaram, posso enviar um e-mail, por exemplo!</arg>
</arguments>
<status status="PASS" starttime="20200422 21:30:48.246" endtime="20200422 21:30:48.246"></status>
</kw>
<kw name="Run Keyword If Any Tests Failed" library="BuiltIn">
<doc>Runs the given keyword with the given arguments, if one or more tests failed.</doc>
<arguments>
<arg>Log</arg>
<arg>Alguns testes falharam, posso enviar um e-mail, por exemplo!</arg>
</arguments>
<kw name="Log" library="BuiltIn">
<doc>Logs the given message with the given level.</doc>
<arguments>
<arg>Alguns testes falharam, posso enviar um e-mail, por exemplo!</arg>
</arguments>
<msg timestamp="20200422 21:30:48.246" level="INFO">Alguns testes falharam, posso enviar um e-mail, por exemplo!</msg>
<status status="PASS" starttime="20200422 21:30:48.246" endtime="20200422 21:30:48.246"></status>
</kw>
<status status="PASS" starttime="20200422 21:30:48.246" endtime="20200422 21:30:48.246"></status>
</kw>
<status status="PASS" starttime="20200422 21:30:48.246" endtime="20200422 21:30:48.246"></status>
</kw>
<status status="FAIL" starttime="20200422 21:30:48.170" endtime="20200422 21:30:48.246"></status>
</suite>
<statistics>
<total>
<stat pass="2" fail="2">Critical Tests</stat>
<stat pass="2" fail="2">All Tests</stat>
</total>
<tag>
</tag>
<suite>
<stat pass="2" fail="2" id="s1" name="Teardowns">Teardowns</stat>
</suite>
</statistics>
<errors>
</errors>
</robot>
